<?xml version="1.0" encoding="UTF-8"?>
<!-- Generated by org.testng.reporters.JUnitXMLReporter -->
<testsuite ignored="0" hostname="ZMO-MC-AnkitH-01s-Mac-mini.local" failures="0" tests="6" name="Surefire test" time="0.026" errors="0" timestamp="06 Dec 2021 11:16:56 GMT">
  <testcase classname="qaankit.Mavenjava.AppiumTest" name="IOSApps" time="0.009"/>
  <testcase classname="qaankit.Mavenjava.AppiumTest" name="NativeAppAndroid" time="0.0"/>
  <testcase classname="qaankit.Mavenjava.SeleniumTest" name="BrowserAutomation" time="0.001"/>
  <testcase classname="qaankit.Mavenjava.SeleniumTest" name="elementUI" time="0.0"/>
  <testcase classname="qaankit.Mavenjava.RESTAPITest" name="deleteTwitter" time="0.0"/>
  <testcase classname="qaankit.Mavenjava.RESTAPITest" name="postJira" time="0.0"/>
</testsuite> <!-- Surefire test -->
