<?xml version="1.0" encoding="UTF-8"?>
<testng-results ignored="0" total="6" passed="6" failed="0" skipped="0">
  <reporter-output>
  </reporter-output>
  <suite started-at="2021-12-06T11:16:51Z" name="Surefire suite" finished-at="2021-12-06T11:16:51Z" duration-ms="26">
    <groups>
    </groups>
    <test started-at="2021-12-06T11:16:51Z" name="Surefire test" finished-at="2021-12-06T11:16:51Z" duration-ms="26">
      <class name="qaankit.Mavenjava.AppiumTest">
        <test-method signature="IOSApps()[pri:0, instance:qaankit.Mavenjava.AppiumTest@4923ab24]" started-at="2021-12-06T11:16:51Z" name="IOSApps" finished-at="2021-12-06T11:16:51Z" duration-ms="9" status="PASS">
          <reporter-output>
          </reporter-output>
        </test-method> <!-- IOSApps -->
        <test-method signature="NativeAppAndroid()[pri:0, instance:qaankit.Mavenjava.AppiumTest@4923ab24]" started-at="2021-12-06T11:16:51Z" name="NativeAppAndroid" finished-at="2021-12-06T11:16:51Z" duration-ms="0" status="PASS">
          <reporter-output>
          </reporter-output>
        </test-method> <!-- NativeAppAndroid -->
      </class> <!-- qaankit.Mavenjava.AppiumTest -->
      <class name="qaankit.Mavenjava.RESTAPITest">
        <test-method signature="postJira()[pri:0, instance:qaankit.Mavenjava.RESTAPITest@7b69c6ba]" started-at="2021-12-06T11:16:51Z" name="postJira" finished-at="2021-12-06T11:16:51Z" duration-ms="0" status="PASS">
          <reporter-output>
          </reporter-output>
        </test-method> <!-- postJira -->
        <test-method signature="deleteTwitter()[pri:0, instance:qaankit.Mavenjava.RESTAPITest@7b69c6ba]" started-at="2021-12-06T11:16:51Z" name="deleteTwitter" finished-at="2021-12-06T11:16:51Z" duration-ms="0" status="PASS">
          <reporter-output>
          </reporter-output>
        </test-method> <!-- deleteTwitter -->
      </class> <!-- qaankit.Mavenjava.RESTAPITest -->
      <class name="qaankit.Mavenjava.SeleniumTest">
        <test-method signature="BrowserAutomation()[pri:0, instance:qaankit.Mavenjava.SeleniumTest@44c8afef]" started-at="2021-12-06T11:16:51Z" name="BrowserAutomation" finished-at="2021-12-06T11:16:51Z" duration-ms="1" status="PASS">
          <reporter-output>
          </reporter-output>
        </test-method> <!-- BrowserAutomation -->
        <test-method signature="elementUI()[pri:0, instance:qaankit.Mavenjava.SeleniumTest@44c8afef]" started-at="2021-12-06T11:16:51Z" name="elementUI" finished-at="2021-12-06T11:16:51Z" duration-ms="0" status="PASS">
          <reporter-output>
          </reporter-output>
        </test-method> <!-- elementUI -->
      </class> <!-- qaankit.Mavenjava.SeleniumTest -->
    </test> <!-- Surefire test -->
  </suite> <!-- Surefire suite -->
</testng-results>
